16:44:54 [__main__] INFO: Loading embeddings from checkpoint
16:44:54 [__main__] INFO: Embeddings: (27280, 20)
16:44:54 [__main__] INFO: Rebuilding trajectories from raw data
16:44:55 [trajectory_tda.data.employment_status] DEBUG: Loading BHPS wave a from trajectory_tda\data\UKDA-5151-tab\tab\bhps_w1\aindresp.tab
16:44:56 [trajectory_tda.data.employment_status] INFO: BHPS wave a (1991): 10264 obs
16:44:56 [trajectory_tda.data.employment_status] DEBUG: Loading BHPS wave b from trajectory_tda\data\UKDA-5151-tab\tab\bhps_w2\bindresp.tab
16:44:58 [trajectory_tda.data.employment_status] INFO: BHPS wave b (1992): 9845 obs
16:44:58 [trajectory_tda.data.employment_status] DEBUG: Loading BHPS wave c from trajectory_tda\data\UKDA-5151-tab\tab\bhps_w3\cindresp.tab
16:44:59 [trajectory_tda.data.employment_status] INFO: BHPS wave c (1993): 9600 obs
16:44:59 [trajectory_tda.data.employment_status] DEBUG: Loading BHPS wave d from trajectory_tda\data\UKDA-5151-tab\tab\bhps_w4\dindresp.tab
16:45:00 [trajectory_tda.data.employment_status] INFO: BHPS wave d (1994): 9481 obs
16:45:00 [trajectory_tda.data.employment_status] DEBUG: Loading BHPS wave e from trajectory_tda\data\UKDA-5151-tab\tab\bhps_w5\eindresp.tab
16:45:02 [trajectory_tda.data.employment_status] INFO: BHPS wave e (1995): 9249 obs
16:45:02 [trajectory_tda.data.employment_status] DEBUG: Loading BHPS wave f from trajectory_tda\data\UKDA-5151-tab\tab\bhps_w6\findresp.tab
16:45:03 [trajectory_tda.data.employment_status] INFO: BHPS wave f (1996): 9438 obs
16:45:03 [trajectory_tda.data.employment_status] DEBUG: Loading BHPS wave g from trajectory_tda\data\UKDA-5151-tab\tab\bhps_w7\gindresp.tab
16:45:05 [trajectory_tda.data.employment_status] INFO: BHPS wave g (1997): 11193 obs
16:45:05 [trajectory_tda.data.employment_status] DEBUG: Loading BHPS wave h from trajectory_tda\data\UKDA-5151-tab\tab\bhps_w8\hindresp.tab
16:45:08 [trajectory_tda.data.employment_status] INFO: BHPS wave h (1998): 10906 obs
16:45:08 [trajectory_tda.data.employment_status] DEBUG: Loading BHPS wave i from trajectory_tda\data\UKDA-5151-tab\tab\bhps_w9\iindresp.tab
16:45:13 [trajectory_tda.data.employment_status] INFO: BHPS wave i (1999): 15623 obs
16:45:13 [trajectory_tda.data.employment_status] DEBUG: Loading BHPS wave j from trajectory_tda\data\UKDA-5151-tab\tab\bhps_w10\jindresp.tab
16:45:18 [trajectory_tda.data.employment_status] INFO: BHPS wave j (2000): 15603 obs
16:45:18 [trajectory_tda.data.employment_status] DEBUG: Loading BHPS wave k from trajectory_tda\data\UKDA-5151-tab\tab\bhps_w11\kindresp.tab
16:45:25 [trajectory_tda.data.employment_status] INFO: BHPS wave k (2001): 18867 obs
16:45:25 [trajectory_tda.data.employment_status] DEBUG: Loading BHPS wave l from trajectory_tda\data\UKDA-5151-tab\tab\bhps_w12\lindresp.tab
16:45:40 [trajectory_tda.data.employment_status] INFO: BHPS wave l (2002): 16597 obs
16:45:40 [trajectory_tda.data.employment_status] DEBUG: Loading BHPS wave m from trajectory_tda\data\UKDA-5151-tab\tab\bhps_w13\mindresp.tab
16:45:50 [trajectory_tda.data.employment_status] INFO: BHPS wave m (2003): 16238 obs
16:45:50 [trajectory_tda.data.employment_status] DEBUG: Loading BHPS wave n from trajectory_tda\data\UKDA-5151-tab\tab\bhps_w14\nindresp.tab
16:45:56 [trajectory_tda.data.employment_status] INFO: BHPS wave n (2004): 15791 obs
16:45:56 [trajectory_tda.data.employment_status] DEBUG: Loading BHPS wave o from trajectory_tda\data\UKDA-5151-tab\tab\bhps_w15\oindresp.tab
16:46:00 [trajectory_tda.data.employment_status] INFO: BHPS wave o (2005): 15617 obs
16:46:00 [trajectory_tda.data.employment_status] DEBUG: Loading BHPS wave p from trajectory_tda\data\UKDA-5151-tab\tab\bhps_w16\pindresp.tab
16:46:06 [trajectory_tda.data.employment_status] INFO: BHPS wave p (2006): 15392 obs
16:46:06 [trajectory_tda.data.employment_status] DEBUG: Loading BHPS wave q from trajectory_tda\data\UKDA-5151-tab\tab\bhps_w17\qindresp.tab
16:46:11 [trajectory_tda.data.employment_status] INFO: BHPS wave q (2007): 14873 obs
16:46:11 [trajectory_tda.data.employment_status] DEBUG: Loading BHPS wave r from trajectory_tda\data\UKDA-5151-tab\tab\bhps_w18\rindresp.tab
16:46:16 [trajectory_tda.data.employment_status] INFO: BHPS wave r (2008): 14419 obs
16:46:16 [trajectory_tda.data.employment_status] DEBUG: Loading USoc wave a from trajectory_tda\data\UKDA-6614-tab\tab\ukhls\a_indresp.tab
16:46:33 [trajectory_tda.data.employment_status] INFO: USoc wave a (2009): 50994 obs
16:46:33 [trajectory_tda.data.employment_status] DEBUG: Loading USoc wave b from trajectory_tda\data\UKDA-6614-tab\tab\ukhls\b_indresp.tab
16:46:55 [trajectory_tda.data.employment_status] INFO: USoc wave b (2010): 54568 obs
16:46:55 [trajectory_tda.data.employment_status] DEBUG: Loading USoc wave c from trajectory_tda\data\UKDA-6614-tab\tab\ukhls\c_indresp.tab
16:47:29 [trajectory_tda.data.employment_status] INFO: USoc wave c (2011): 49692 obs
16:47:29 [trajectory_tda.data.employment_status] DEBUG: Loading USoc wave d from trajectory_tda\data\UKDA-6614-tab\tab\ukhls\d_indresp.tab
16:47:46 [trajectory_tda.data.employment_status] INFO: USoc wave d (2012): 47074 obs
16:47:46 [trajectory_tda.data.employment_status] DEBUG: Loading USoc wave e from trajectory_tda\data\UKDA-6614-tab\tab\ukhls\e_indresp.tab
16:48:06 [trajectory_tda.data.employment_status] INFO: USoc wave e (2013): 44837 obs
16:48:06 [trajectory_tda.data.employment_status] DEBUG: Loading USoc wave f from trajectory_tda\data\UKDA-6614-tab\tab\ukhls\f_indresp.tab
16:48:23 [trajectory_tda.data.employment_status] INFO: USoc wave f (2014): 45192 obs
16:48:23 [trajectory_tda.data.employment_status] DEBUG: Loading USoc wave g from trajectory_tda\data\UKDA-6614-tab\tab\ukhls\g_indresp.tab
16:48:44 [trajectory_tda.data.employment_status] INFO: USoc wave g (2015): 42170 obs
16:48:44 [trajectory_tda.data.employment_status] DEBUG: Loading USoc wave h from trajectory_tda\data\UKDA-6614-tab\tab\ukhls\h_indresp.tab
16:48:58 [trajectory_tda.data.employment_status] INFO: USoc wave h (2016): 39294 obs
16:48:58 [trajectory_tda.data.employment_status] DEBUG: Loading USoc wave i from trajectory_tda\data\UKDA-6614-tab\tab\ukhls\i_indresp.tab
16:49:17 [trajectory_tda.data.employment_status] INFO: USoc wave i (2017): 36058 obs
16:49:17 [trajectory_tda.data.employment_status] DEBUG: Loading USoc wave j from trajectory_tda\data\UKDA-6614-tab\tab\ukhls\j_indresp.tab
16:49:31 [trajectory_tda.data.employment_status] INFO: USoc wave j (2018): 34319 obs
16:49:31 [trajectory_tda.data.employment_status] DEBUG: Loading USoc wave k from trajectory_tda\data\UKDA-6614-tab\tab\ukhls\k_indresp.tab
16:49:49 [trajectory_tda.data.employment_status] INFO: USoc wave k (2019): 32008 obs
16:49:49 [trajectory_tda.data.employment_status] DEBUG: Loading USoc wave l from trajectory_tda\data\UKDA-6614-tab\tab\ukhls\l_indresp.tab
16:50:02 [trajectory_tda.data.employment_status] INFO: USoc wave l (2020): 29271 obs
16:50:02 [trajectory_tda.data.employment_status] DEBUG: Loading USoc wave m from trajectory_tda\data\UKDA-6614-tab\tab\ukhls\m_indresp.tab
16:50:16 [trajectory_tda.data.employment_status] INFO: USoc wave m (2021): 27998 obs
16:50:16 [trajectory_tda.data.employment_status] DEBUG: Loading USoc wave n from trajectory_tda\data\UKDA-6614-tab\tab\ukhls\n_indresp.tab
16:50:42 [trajectory_tda.data.employment_status] INFO: USoc wave n (2022): 35471 obs
16:50:42 [trajectory_tda.data.employment_status] INFO: Combined: 807942 person-year observations
16:50:42 [trajectory_tda.data.employment_status] INFO: Dropped 2770 observations with unmappable jbstat codes
16:50:43 [trajectory_tda.data.employment_status] INFO: Final: 805172 person-year records, 118153 unique persons
16:50:44 [trajectory_tda.data.income_band] DEBUG: BHPS wave a: equivalised income using eq_moecd
16:50:44 [trajectory_tda.data.income_band] INFO: BHPS income wave a (1991): 8948 obs
16:50:45 [trajectory_tda.data.income_band] DEBUG: BHPS wave b: equivalised income using eq_moecd
16:50:45 [trajectory_tda.data.income_band] INFO: BHPS income wave b (1992): 8497 obs
16:50:46 [trajectory_tda.data.income_band] DEBUG: BHPS wave c: equivalised income using eq_moecd
16:50:46 [trajectory_tda.data.income_band] INFO: BHPS income wave c (1993): 8108 obs
16:50:47 [trajectory_tda.data.income_band] DEBUG: BHPS wave d: equivalised income using eq_moecd
16:50:47 [trajectory_tda.data.income_band] INFO: BHPS income wave d (1994): 8125 obs
16:50:48 [trajectory_tda.data.income_band] DEBUG: BHPS wave e: equivalised income using eq_moecd
16:50:48 [trajectory_tda.data.income_band] INFO: BHPS income wave e (1995): 7858 obs
16:50:49 [trajectory_tda.data.income_band] DEBUG: BHPS wave f: equivalised income using eq_moecd
16:50:49 [trajectory_tda.data.income_band] INFO: BHPS income wave f (1996): 8199 obs
16:50:50 [trajectory_tda.data.income_band] DEBUG: BHPS wave g: equivalised income using eq_moecd
16:50:50 [trajectory_tda.data.income_band] INFO: BHPS income wave g (1997): 9806 obs
16:50:51 [trajectory_tda.data.income_band] DEBUG: BHPS wave h: equivalised income using eq_moecd
16:50:51 [trajectory_tda.data.income_band] INFO: BHPS income wave h (1998): 9563 obs
16:50:54 [trajectory_tda.data.income_band] DEBUG: BHPS wave i: equivalised income using eq_moecd
16:50:54 [trajectory_tda.data.income_band] INFO: BHPS income wave i (1999): 13456 obs
16:50:56 [trajectory_tda.data.income_band] DEBUG: BHPS wave j: equivalised income using eq_moecd
16:50:56 [trajectory_tda.data.income_band] INFO: BHPS income wave j (2000): 13428 obs
16:51:00 [trajectory_tda.data.income_band] DEBUG: BHPS wave k: equivalised income using eq_moecd
16:51:00 [trajectory_tda.data.income_band] INFO: BHPS income wave k (2001): 15738 obs
16:51:02 [trajectory_tda.data.income_band] DEBUG: BHPS wave l: equivalised income using eq_moecd
16:51:02 [trajectory_tda.data.income_band] INFO: BHPS income wave l (2002): 13575 obs
16:51:05 [trajectory_tda.data.income_band] DEBUG: BHPS wave m: equivalised income using eq_moecd
16:51:05 [trajectory_tda.data.income_band] INFO: BHPS income wave m (2003): 13451 obs
16:51:07 [trajectory_tda.data.income_band] DEBUG: BHPS wave n: equivalised income using eq_moecd
16:51:07 [trajectory_tda.data.income_band] INFO: BHPS income wave n (2004): 12886 obs
16:51:09 [trajectory_tda.data.income_band] DEBUG: BHPS wave o: equivalised income using eq_moecd
16:51:09 [trajectory_tda.data.income_band] INFO: BHPS income wave o (2005): 12841 obs
16:51:12 [trajectory_tda.data.income_band] DEBUG: BHPS wave p: equivalised income using eq_moecd
16:51:12 [trajectory_tda.data.income_band] INFO: BHPS income wave p (2006): 12554 obs
16:51:14 [trajectory_tda.data.income_band] DEBUG: BHPS wave q: equivalised income using eq_moecd
16:51:14 [trajectory_tda.data.income_band] INFO: BHPS income wave q (2007): 12134 obs
16:51:16 [trajectory_tda.data.income_band] DEBUG: BHPS wave r: equivalised income using eq_moecd
16:51:16 [trajectory_tda.data.income_band] INFO: BHPS income wave r (2008): 11649 obs
16:51:28 [trajectory_tda.data.income_band] INFO: USoc income wave a (2009): 50994 obs
16:51:44 [trajectory_tda.data.income_band] INFO: USoc income wave b (2010): 54558 obs
16:52:11 [trajectory_tda.data.income_band] INFO: USoc income wave c (2011): 49692 obs
16:52:25 [trajectory_tda.data.income_band] INFO: USoc income wave d (2012): 47074 obs
16:52:49 [trajectory_tda.data.income_band] INFO: USoc income wave e (2013): 44837 obs
16:53:09 [trajectory_tda.data.income_band] INFO: USoc income wave f (2014): 44400 obs
16:53:30 [trajectory_tda.data.income_band] INFO: USoc income wave g (2015): 41857 obs
16:53:45 [trajectory_tda.data.income_band] INFO: USoc income wave h (2016): 38783 obs
16:54:06 [trajectory_tda.data.income_band] INFO: USoc income wave i (2017): 35174 obs
16:54:22 [trajectory_tda.data.income_band] INFO: USoc income wave j (2018): 33588 obs
16:54:42 [trajectory_tda.data.income_band] INFO: USoc income wave k (2019): 31311 obs
16:54:56 [trajectory_tda.data.income_band] INFO: USoc income wave l (2020): 28531 obs
16:55:10 [trajectory_tda.data.income_band] INFO: USoc income wave m (2021): 27207 obs
16:55:40 [trajectory_tda.data.income_band] INFO: USoc income wave n (2022): 34110 obs
16:55:40 [trajectory_tda.data.income_band] INFO: Combined income: 762932 person-year obs
16:55:40 [trajectory_tda.data.income_band] INFO: Clipping 216 negative incomes to zero
16:55:40 [trajectory_tda.data.income_band] INFO: National medians per wave:
16:55:40 [trajectory_tda.data.income_band] INFO:   1991: £771.54/month
16:55:40 [trajectory_tda.data.income_band] INFO:   1992: £796.89/month
16:55:40 [trajectory_tda.data.income_band] INFO:   1993: £836.92/month
16:55:40 [trajectory_tda.data.income_band] INFO:   1994: £860.56/month
16:55:40 [trajectory_tda.data.income_band] INFO:   1995: £921.71/month
16:55:40 [trajectory_tda.data.income_band] INFO:   1996: £974.04/month
16:55:40 [trajectory_tda.data.income_band] INFO:   1997: £951.83/month
16:55:40 [trajectory_tda.data.income_band] INFO:   1998: £1010.74/month
16:55:40 [trajectory_tda.data.income_band] INFO:   1999: £999.63/month
16:55:40 [trajectory_tda.data.income_band] INFO:   2000: £1068.55/month
16:55:40 [trajectory_tda.data.income_band] INFO:   2001: £1092.76/month
16:55:40 [trajectory_tda.data.income_band] INFO:   2002: £1174.99/month
16:55:40 [trajectory_tda.data.income_band] INFO:   2003: £1222.94/month
16:55:40 [trajectory_tda.data.income_band] INFO:   2004: £1277.85/month
16:55:40 [trajectory_tda.data.income_band] INFO:   2005: £1307.38/month
16:55:40 [trajectory_tda.data.income_band] INFO:   2006: £1381.49/month
16:55:40 [trajectory_tda.data.income_band] INFO:   2007: £1457.64/month
16:55:40 [trajectory_tda.data.income_band] INFO:   2008: £1482.87/month
16:55:40 [trajectory_tda.data.income_band] INFO:   2009: £2216.34/month
16:55:40 [trajectory_tda.data.income_band] INFO:   2010: £2427.43/month
16:55:40 [trajectory_tda.data.income_band] INFO:   2011: £2545.11/month
16:55:40 [trajectory_tda.data.income_band] INFO:   2012: £2627.67/month
16:55:40 [trajectory_tda.data.income_band] INFO:   2013: £2725.17/month
16:55:40 [trajectory_tda.data.income_band] INFO:   2014: £2867.61/month
16:55:40 [trajectory_tda.data.income_band] INFO:   2015: £2896.31/month
16:55:40 [trajectory_tda.data.income_band] INFO:   2016: £2941.96/month
16:55:40 [trajectory_tda.data.income_band] INFO:   2017: £3034.02/month
16:55:40 [trajectory_tda.data.income_band] INFO:   2018: £3096.64/month
16:55:40 [trajectory_tda.data.income_band] INFO:   2019: £3205.95/month
16:55:40 [trajectory_tda.data.income_band] INFO:   2020: £3309.23/month
16:55:40 [trajectory_tda.data.income_band] INFO:   2021: £3352.01/month
16:55:40 [trajectory_tda.data.income_band] INFO:   2022: £3532.90/month
16:55:45 [trajectory_tda.data.income_band] INFO: Final: 762932 person-year records, 114959 unique persons
16:55:45 [trajectory_tda.data.income_band] INFO:   L: 22.6%
16:55:45 [trajectory_tda.data.income_band] INFO:   M: 27.4%
16:55:45 [trajectory_tda.data.income_band] INFO:   H: 50.0%
16:55:46 [trajectory_tda.data.trajectory_builder] INFO: Merged employment + income: 760749 person-year obs, 114807 unique persons
16:55:51 [trajectory_tda.data.trajectory_builder] INFO: Built 32763 trajectories (dropped: 76565 too short, 5479 broken gaps)
16:55:51 [trajectory_tda.data.trajectory_builder] INFO: Trajectory lengths: mean=15.4, min=10, max=32
16:55:51 [trajectory_tda.data.trajectory_builder] INFO: Total imputed person-years: 30197 (6.0%)
16:55:51 [trajectory_tda.data.trajectory_builder] INFO: State distribution:
16:55:51 [trajectory_tda.data.trajectory_builder] INFO:   EL: 6.2%
16:55:51 [trajectory_tda.data.trajectory_builder] INFO:   EM: 13.6%
16:55:51 [trajectory_tda.data.trajectory_builder] INFO:   EH: 37.9%
16:55:51 [trajectory_tda.data.trajectory_builder] INFO:   UL: 1.7%
16:55:51 [trajectory_tda.data.trajectory_builder] INFO:   UM: 0.9%
16:55:51 [trajectory_tda.data.trajectory_builder] INFO:   UH: 0.8%
16:55:51 [trajectory_tda.data.trajectory_builder] INFO:   IL: 14.0%
16:55:51 [trajectory_tda.data.trajectory_builder] INFO:   IM: 12.8%
16:55:51 [trajectory_tda.data.trajectory_builder] INFO:   IH: 11.9%
16:55:51 [trajectory_tda.data.trajectory_builder] INFO: Survey era distribution:
16:55:51 [trajectory_tda.data.trajectory_builder] INFO:   usoc_only: 21551
16:55:51 [trajectory_tda.data.trajectory_builder] INFO:   spanning: 8459
16:55:51 [trajectory_tda.data.trajectory_builder] INFO:   bhps_only: 2753
16:55:51 [__main__] INFO: Built 32763 trajectories
16:55:51 [__main__] WARNING: Trajectory count (32763) != embedding count (27280). Results may not align. Proceeding anyway.
16:55:53 [poverty_tda.topology.morse_smale] DEBUG: TTK not available in current environment. TTK operations will run via subprocess in conda environment.
16:55:54 [__main__] INFO: Raw persistence diagrams already exist, skipping
16:55:54 [__main__] INFO: Running order_shuffle at n=500
16:55:54 [trajectory_tda.topology.permutation_nulls] INFO: Permutation test: order_shuffle, 500 perms, H0-H1, statistic=total_persistence
16:56:13 [poverty_tda.topology.multidim_ph] INFO: Computing Rips PH (ripser): 5000 points, 20 dims, max_dim=1
16:56:13 [poverty_tda.topology.multidim_ph] INFO:   Auto thresh = 16.996 (75th percentile)
16:56:33 [poverty_tda.topology.multidim_ph] INFO:   Completed in 19.2s
16:56:33 [poverty_tda.topology.multidim_ph] INFO:   H0: 4999 finite + 1 infinite, top lifetimes: [15.809, 15.496, 14.902, 14.403, 14.161]
16:56:33 [poverty_tda.topology.multidim_ph] INFO:   H1: 5961 finite + 1 infinite, top lifetimes: [3.213, 2.322, 2.286, 2.223, 2.214]
16:56:33 [trajectory_tda.topology.permutation_nulls] INFO:   Observed total_persistence: {'H0': 20411.12756752968, 'H1': 2224.6842234134674}
joblib.externals.loky.process_executor._RemoteTraceback: 
"""
Traceback (most recent call last):
  File "C:\Users\steph\AppData\Local\Programs\Python\Python313\Lib\site-packages\joblib\externals\loky\process_executor.py", line 490, in _process_worker
    r = call_item()
  File "C:\Users\steph\AppData\Local\Programs\Python\Python313\Lib\site-packages\joblib\externals\loky\process_executor.py", line 291, in __call__
    return self.fn(*self.args, **self.kwargs)
           ~~~~~~~^^^^^^^^^^^^^^^^^^^^^^^^^^^
  File "C:\Users\steph\AppData\Local\Programs\Python\Python313\Lib\site-packages\joblib\parallel.py", line 607, in __call__
    return [func(*args, **kwargs) for func, args, kwargs in self.items]
            ~~~~^^^^^^^^^^^^^^^^^
  File "C:\Projects\TDL\trajectory_tda\topology\permutation_nulls.py", line 501, in _single_permutation
    ph = compute_rips_ph(landmarks, max_dim=max_dim)
  File "C:\Projects\TDL\poverty_tda\topology\multidim_ph.py", line 243, in compute_rips_ph
    result = ripser.ripser(**rips_kwargs)
  File "C:\Users\steph\AppData\Local\Programs\Python\Python313\Lib\site-packages\ripser\ripser.py", line 323, in ripser
    row_grid, col_grid = np.meshgrid(np.arange(n_points), np.arange(n_points))
                         ~~~~~~~~~~~^^^^^^^^^^^^^^^^^^^^^^^^^^^^^^^^^^^^^^^^^^
  File "C:\Users\steph\AppData\Local\Programs\Python\Python313\Lib\site-packages\numpy\lib\_function_base_impl.py", line 5280, in meshgrid
    output = tuple(x.copy() for x in output)
  File "C:\Users\steph\AppData\Local\Programs\Python\Python313\Lib\site-packages\numpy\lib\_function_base_impl.py", line 5280, in <genexpr>
    output = tuple(x.copy() for x in output)
                   ~~~~~~^^
numpy._core._exceptions._ArrayMemoryError: Unable to allocate 191. MiB for an array with shape (5000, 5000) and data type int64
"""

The above exception was the direct cause of the following exception:

Traceback (most recent call last):
  File "<frozen runpy>", line 198, in _run_module_as_main
  File "<frozen runpy>", line 88, in _run_code
  File "C:\Projects\TDL\trajectory_tda\scripts\rerun_nulls.py", line 268, in <module>
    main()
    ~~~~^^
  File "C:\Projects\TDL\trajectory_tda\scripts\rerun_nulls.py", line 132, in main
    order_result = permutation_test_trajectories(
        embeddings=embeddings,
    ...<6 lines>...
        embed_kwargs=embed_kwargs,
    )
  File "C:\Projects\TDL\trajectory_tda\topology\permutation_nulls.py", line 575, in permutation_test_trajectories
    null_results = Parallel(n_jobs=n_jobs, verbose=0)(
        delayed(_single_permutation)(
    ...<11 lines>...
        for s in seeds
    )
  File "C:\Users\steph\AppData\Local\Programs\Python\Python313\Lib\site-packages\joblib\parallel.py", line 2072, in __call__
    return output if self.return_generator else list(output)
                                                ~~~~^^^^^^^^
  File "C:\Users\steph\AppData\Local\Programs\Python\Python313\Lib\site-packages\joblib\parallel.py", line 1682, in _get_outputs
    yield from self._retrieve()
  File "C:\Users\steph\AppData\Local\Programs\Python\Python313\Lib\site-packages\joblib\parallel.py", line 1784, in _retrieve
    self._raise_error_fast()
    ~~~~~~~~~~~~~~~~~~~~~~^^
  File "C:\Users\steph\AppData\Local\Programs\Python\Python313\Lib\site-packages\joblib\parallel.py", line 1859, in _raise_error_fast
    error_job.get_result(self.timeout)
    ~~~~~~~~~~~~~~~~~~~~^^^^^^^^^^^^^^
  File "C:\Users\steph\AppData\Local\Programs\Python\Python313\Lib\site-packages\joblib\parallel.py", line 758, in get_result
    return self._return_or_raise()
           ~~~~~~~~~~~~~~~~~~~~~^^
  File "C:\Users\steph\AppData\Local\Programs\Python\Python313\Lib\site-packages\joblib\parallel.py", line 773, in _return_or_raise
    raise self._result
numpy._core._exceptions._ArrayMemoryError: Unable to allocate 191. MiB for an array with shape (5000, 5000) and data type int64
