18:11:05 [__main__] INFO: Loading embeddings from checkpoint
18:11:05 [__main__] INFO: Embeddings: (27280, 20)
18:11:05 [__main__] INFO: Rebuilding trajectories from raw data
18:11:09 [trajectory_tda.data.employment_status] DEBUG: Loading BHPS wave a from trajectory_tda\data\UKDA-5151-tab\tab\bhps_w1\aindresp.tab
18:11:15 [trajectory_tda.data.employment_status] INFO: BHPS wave a (1991): 10264 obs
18:11:15 [trajectory_tda.data.employment_status] DEBUG: Loading BHPS wave b from trajectory_tda\data\UKDA-5151-tab\tab\bhps_w2\bindresp.tab
18:11:19 [trajectory_tda.data.employment_status] INFO: BHPS wave b (1992): 9845 obs
18:11:20 [trajectory_tda.data.employment_status] DEBUG: Loading BHPS wave c from trajectory_tda\data\UKDA-5151-tab\tab\bhps_w3\cindresp.tab
18:11:25 [trajectory_tda.data.employment_status] INFO: BHPS wave c (1993): 9600 obs
18:11:25 [trajectory_tda.data.employment_status] DEBUG: Loading BHPS wave d from trajectory_tda\data\UKDA-5151-tab\tab\bhps_w4\dindresp.tab
18:11:31 [trajectory_tda.data.employment_status] INFO: BHPS wave d (1994): 9481 obs
18:11:31 [trajectory_tda.data.employment_status] DEBUG: Loading BHPS wave e from trajectory_tda\data\UKDA-5151-tab\tab\bhps_w5\eindresp.tab
18:11:35 [trajectory_tda.data.employment_status] INFO: BHPS wave e (1995): 9249 obs
18:11:35 [trajectory_tda.data.employment_status] DEBUG: Loading BHPS wave f from trajectory_tda\data\UKDA-5151-tab\tab\bhps_w6\findresp.tab
18:11:40 [trajectory_tda.data.employment_status] INFO: BHPS wave f (1996): 9438 obs
18:11:40 [trajectory_tda.data.employment_status] DEBUG: Loading BHPS wave g from trajectory_tda\data\UKDA-5151-tab\tab\bhps_w7\gindresp.tab
18:11:46 [trajectory_tda.data.employment_status] INFO: BHPS wave g (1997): 11193 obs
18:11:46 [trajectory_tda.data.employment_status] DEBUG: Loading BHPS wave h from trajectory_tda\data\UKDA-5151-tab\tab\bhps_w8\hindresp.tab
18:11:52 [trajectory_tda.data.employment_status] INFO: BHPS wave h (1998): 10906 obs
18:11:52 [trajectory_tda.data.employment_status] DEBUG: Loading BHPS wave i from trajectory_tda\data\UKDA-5151-tab\tab\bhps_w9\iindresp.tab
18:11:59 [trajectory_tda.data.employment_status] INFO: BHPS wave i (1999): 15623 obs
18:11:59 [trajectory_tda.data.employment_status] DEBUG: Loading BHPS wave j from trajectory_tda\data\UKDA-5151-tab\tab\bhps_w10\jindresp.tab
18:12:22 [trajectory_tda.data.employment_status] INFO: BHPS wave j (2000): 15603 obs
18:12:22 [trajectory_tda.data.employment_status] DEBUG: Loading BHPS wave k from trajectory_tda\data\UKDA-5151-tab\tab\bhps_w11\kindresp.tab
18:12:31 [trajectory_tda.data.employment_status] INFO: BHPS wave k (2001): 18867 obs
18:12:31 [trajectory_tda.data.employment_status] DEBUG: Loading BHPS wave l from trajectory_tda\data\UKDA-5151-tab\tab\bhps_w12\lindresp.tab
18:12:41 [trajectory_tda.data.employment_status] INFO: BHPS wave l (2002): 16597 obs
18:12:41 [trajectory_tda.data.employment_status] DEBUG: Loading BHPS wave m from trajectory_tda\data\UKDA-5151-tab\tab\bhps_w13\mindresp.tab
18:12:54 [trajectory_tda.data.employment_status] INFO: BHPS wave m (2003): 16238 obs
18:12:54 [trajectory_tda.data.employment_status] DEBUG: Loading BHPS wave n from trajectory_tda\data\UKDA-5151-tab\tab\bhps_w14\nindresp.tab
18:13:06 [trajectory_tda.data.employment_status] INFO: BHPS wave n (2004): 15791 obs
18:13:06 [trajectory_tda.data.employment_status] DEBUG: Loading BHPS wave o from trajectory_tda\data\UKDA-5151-tab\tab\bhps_w15\oindresp.tab
18:13:19 [trajectory_tda.data.employment_status] INFO: BHPS wave o (2005): 15617 obs
18:13:19 [trajectory_tda.data.employment_status] DEBUG: Loading BHPS wave p from trajectory_tda\data\UKDA-5151-tab\tab\bhps_w16\pindresp.tab
18:13:32 [trajectory_tda.data.employment_status] INFO: BHPS wave p (2006): 15392 obs
18:13:32 [trajectory_tda.data.employment_status] DEBUG: Loading BHPS wave q from trajectory_tda\data\UKDA-5151-tab\tab\bhps_w17\qindresp.tab
18:13:41 [trajectory_tda.data.employment_status] INFO: BHPS wave q (2007): 14873 obs
18:13:41 [trajectory_tda.data.employment_status] DEBUG: Loading BHPS wave r from trajectory_tda\data\UKDA-5151-tab\tab\bhps_w18\rindresp.tab
18:13:51 [trajectory_tda.data.employment_status] INFO: BHPS wave r (2008): 14419 obs
18:13:51 [trajectory_tda.data.employment_status] DEBUG: Loading USoc wave a from trajectory_tda\data\UKDA-6614-tab\tab\ukhls\a_indresp.tab
18:14:20 [trajectory_tda.data.employment_status] INFO: USoc wave a (2009): 50994 obs
18:14:20 [trajectory_tda.data.employment_status] DEBUG: Loading USoc wave b from trajectory_tda\data\UKDA-6614-tab\tab\ukhls\b_indresp.tab
18:15:10 [trajectory_tda.data.employment_status] INFO: USoc wave b (2010): 54568 obs
18:15:10 [trajectory_tda.data.employment_status] DEBUG: Loading USoc wave c from trajectory_tda\data\UKDA-6614-tab\tab\ukhls\c_indresp.tab
18:16:31 [trajectory_tda.data.employment_status] INFO: USoc wave c (2011): 49692 obs
18:16:31 [trajectory_tda.data.employment_status] DEBUG: Loading USoc wave d from trajectory_tda\data\UKDA-6614-tab\tab\ukhls\d_indresp.tab
18:17:12 [trajectory_tda.data.employment_status] INFO: USoc wave d (2012): 47074 obs
18:17:12 [trajectory_tda.data.employment_status] DEBUG: Loading USoc wave e from trajectory_tda\data\UKDA-6614-tab\tab\ukhls\e_indresp.tab
18:18:04 [trajectory_tda.data.employment_status] INFO: USoc wave e (2013): 44837 obs
18:18:04 [trajectory_tda.data.employment_status] DEBUG: Loading USoc wave f from trajectory_tda\data\UKDA-6614-tab\tab\ukhls\f_indresp.tab
18:18:33 [trajectory_tda.data.employment_status] INFO: USoc wave f (2014): 45192 obs
18:18:33 [trajectory_tda.data.employment_status] DEBUG: Loading USoc wave g from trajectory_tda\data\UKDA-6614-tab\tab\ukhls\g_indresp.tab
18:19:09 [trajectory_tda.data.employment_status] INFO: USoc wave g (2015): 42170 obs
18:19:09 [trajectory_tda.data.employment_status] DEBUG: Loading USoc wave h from trajectory_tda\data\UKDA-6614-tab\tab\ukhls\h_indresp.tab
18:19:48 [trajectory_tda.data.employment_status] INFO: USoc wave h (2016): 39294 obs
18:19:48 [trajectory_tda.data.employment_status] DEBUG: Loading USoc wave i from trajectory_tda\data\UKDA-6614-tab\tab\ukhls\i_indresp.tab
18:20:33 [trajectory_tda.data.employment_status] INFO: USoc wave i (2017): 36058 obs
18:20:33 [trajectory_tda.data.employment_status] DEBUG: Loading USoc wave j from trajectory_tda\data\UKDA-6614-tab\tab\ukhls\j_indresp.tab
18:20:55 [trajectory_tda.data.employment_status] INFO: USoc wave j (2018): 34319 obs
18:20:55 [trajectory_tda.data.employment_status] DEBUG: Loading USoc wave k from trajectory_tda\data\UKDA-6614-tab\tab\ukhls\k_indresp.tab
18:21:33 [trajectory_tda.data.employment_status] INFO: USoc wave k (2019): 32008 obs
18:21:33 [trajectory_tda.data.employment_status] DEBUG: Loading USoc wave l from trajectory_tda\data\UKDA-6614-tab\tab\ukhls\l_indresp.tab
18:21:57 [trajectory_tda.data.employment_status] INFO: USoc wave l (2020): 29271 obs
18:21:57 [trajectory_tda.data.employment_status] DEBUG: Loading USoc wave m from trajectory_tda\data\UKDA-6614-tab\tab\ukhls\m_indresp.tab
18:22:23 [trajectory_tda.data.employment_status] INFO: USoc wave m (2021): 27998 obs
18:22:23 [trajectory_tda.data.employment_status] DEBUG: Loading USoc wave n from trajectory_tda\data\UKDA-6614-tab\tab\ukhls\n_indresp.tab
18:23:19 [trajectory_tda.data.employment_status] INFO: USoc wave n (2022): 35471 obs
18:23:19 [trajectory_tda.data.employment_status] INFO: Combined: 807942 person-year observations
18:23:19 [trajectory_tda.data.employment_status] INFO: Dropped 2770 observations with unmappable jbstat codes
18:23:20 [trajectory_tda.data.employment_status] INFO: Final: 805172 person-year records, 118153 unique persons
18:23:26 [trajectory_tda.data.income_band] DEBUG: BHPS wave a: equivalised income using eq_moecd
18:23:26 [trajectory_tda.data.income_band] INFO: BHPS income wave a (1991): 8948 obs
18:23:27 [trajectory_tda.data.income_band] DEBUG: BHPS wave b: equivalised income using eq_moecd
18:23:27 [trajectory_tda.data.income_band] INFO: BHPS income wave b (1992): 8497 obs
18:23:29 [trajectory_tda.data.income_band] DEBUG: BHPS wave c: equivalised income using eq_moecd
18:23:29 [trajectory_tda.data.income_band] INFO: BHPS income wave c (1993): 8108 obs
18:23:30 [trajectory_tda.data.income_band] DEBUG: BHPS wave d: equivalised income using eq_moecd
18:23:30 [trajectory_tda.data.income_band] INFO: BHPS income wave d (1994): 8125 obs
18:23:32 [trajectory_tda.data.income_band] DEBUG: BHPS wave e: equivalised income using eq_moecd
18:23:32 [trajectory_tda.data.income_band] INFO: BHPS income wave e (1995): 7858 obs
18:23:34 [trajectory_tda.data.income_band] DEBUG: BHPS wave f: equivalised income using eq_moecd
18:23:34 [trajectory_tda.data.income_band] INFO: BHPS income wave f (1996): 8199 obs
18:23:37 [trajectory_tda.data.income_band] DEBUG: BHPS wave g: equivalised income using eq_moecd
18:23:37 [trajectory_tda.data.income_band] INFO: BHPS income wave g (1997): 9806 obs
18:23:46 [trajectory_tda.data.income_band] DEBUG: BHPS wave h: equivalised income using eq_moecd
18:23:46 [trajectory_tda.data.income_band] INFO: BHPS income wave h (1998): 9563 obs
18:23:50 [trajectory_tda.data.income_band] DEBUG: BHPS wave i: equivalised income using eq_moecd
18:23:50 [trajectory_tda.data.income_band] INFO: BHPS income wave i (1999): 13456 obs
18:23:53 [trajectory_tda.data.income_band] DEBUG: BHPS wave j: equivalised income using eq_moecd
18:23:53 [trajectory_tda.data.income_band] INFO: BHPS income wave j (2000): 13428 obs
18:23:59 [trajectory_tda.data.income_band] DEBUG: BHPS wave k: equivalised income using eq_moecd
18:23:59 [trajectory_tda.data.income_band] INFO: BHPS income wave k (2001): 15738 obs
18:24:01 [trajectory_tda.data.income_band] DEBUG: BHPS wave l: equivalised income using eq_moecd
18:24:02 [trajectory_tda.data.income_band] INFO: BHPS income wave l (2002): 13575 obs
18:24:03 [trajectory_tda.data.income_band] DEBUG: BHPS wave m: equivalised income using eq_moecd
18:24:03 [trajectory_tda.data.income_band] INFO: BHPS income wave m (2003): 13451 obs
18:24:09 [trajectory_tda.data.income_band] DEBUG: BHPS wave n: equivalised income using eq_moecd
18:24:10 [trajectory_tda.data.income_band] INFO: BHPS income wave n (2004): 12886 obs
18:24:25 [trajectory_tda.data.income_band] DEBUG: BHPS wave o: equivalised income using eq_moecd
18:24:25 [trajectory_tda.data.income_band] INFO: BHPS income wave o (2005): 12841 obs
18:24:38 [trajectory_tda.data.income_band] DEBUG: BHPS wave p: equivalised income using eq_moecd
18:24:38 [trajectory_tda.data.income_band] INFO: BHPS income wave p (2006): 12554 obs
18:24:40 [trajectory_tda.data.income_band] DEBUG: BHPS wave q: equivalised income using eq_moecd
18:24:40 [trajectory_tda.data.income_band] INFO: BHPS income wave q (2007): 12134 obs
18:24:42 [trajectory_tda.data.income_band] DEBUG: BHPS wave r: equivalised income using eq_moecd
18:24:42 [trajectory_tda.data.income_band] INFO: BHPS income wave r (2008): 11649 obs
18:25:08 [trajectory_tda.data.income_band] INFO: USoc income wave a (2009): 50994 obs
18:25:38 [trajectory_tda.data.income_band] INFO: USoc income wave b (2010): 54558 obs
18:26:42 [trajectory_tda.data.income_band] INFO: USoc income wave c (2011): 49692 obs
18:27:16 [trajectory_tda.data.income_band] INFO: USoc income wave d (2012): 47074 obs
18:28:01 [trajectory_tda.data.income_band] INFO: USoc income wave e (2013): 44837 obs
18:28:43 [trajectory_tda.data.income_band] INFO: USoc income wave f (2014): 44400 obs
18:29:31 [trajectory_tda.data.income_band] INFO: USoc income wave g (2015): 41857 obs
18:29:57 [trajectory_tda.data.income_band] INFO: USoc income wave h (2016): 38783 obs
18:30:51 [trajectory_tda.data.income_band] INFO: USoc income wave i (2017): 35174 obs
18:31:40 [trajectory_tda.data.income_band] INFO: USoc income wave j (2018): 33588 obs
18:32:32 [trajectory_tda.data.income_band] INFO: USoc income wave k (2019): 31311 obs
18:33:26 [trajectory_tda.data.income_band] INFO: USoc income wave l (2020): 28531 obs
18:34:18 [trajectory_tda.data.income_band] INFO: USoc income wave m (2021): 27207 obs
18:36:46 [trajectory_tda.data.income_band] INFO: USoc income wave n (2022): 34110 obs
18:36:47 [trajectory_tda.data.income_band] INFO: Combined income: 762932 person-year obs
18:36:47 [trajectory_tda.data.income_band] INFO: Clipping 216 negative incomes to zero
18:36:47 [trajectory_tda.data.income_band] INFO: National medians per wave:
18:36:47 [trajectory_tda.data.income_band] INFO:   1991: Ł771.54/month
18:36:47 [trajectory_tda.data.income_band] INFO:   1992: Ł796.89/month
18:36:47 [trajectory_tda.data.income_band] INFO:   1993: Ł836.92/month
18:36:47 [trajectory_tda.data.income_band] INFO:   1994: Ł860.56/month
18:36:47 [trajectory_tda.data.income_band] INFO:   1995: Ł921.71/month
18:36:47 [trajectory_tda.data.income_band] INFO:   1996: Ł974.04/month
18:36:47 [trajectory_tda.data.income_band] INFO:   1997: Ł951.83/month
18:36:47 [trajectory_tda.data.income_band] INFO:   1998: Ł1010.74/month
18:36:47 [trajectory_tda.data.income_band] INFO:   1999: Ł999.63/month
18:36:47 [trajectory_tda.data.income_band] INFO:   2000: Ł1068.55/month
18:36:47 [trajectory_tda.data.income_band] INFO:   2001: Ł1092.76/month
18:36:47 [trajectory_tda.data.income_band] INFO:   2002: Ł1174.99/month
18:36:47 [trajectory_tda.data.income_band] INFO:   2003: Ł1222.94/month
18:36:47 [trajectory_tda.data.income_band] INFO:   2004: Ł1277.85/month
18:36:47 [trajectory_tda.data.income_band] INFO:   2005: Ł1307.38/month
18:36:47 [trajectory_tda.data.income_band] INFO:   2006: Ł1381.49/month
18:36:47 [trajectory_tda.data.income_band] INFO:   2007: Ł1457.64/month
18:36:47 [trajectory_tda.data.income_band] INFO:   2008: Ł1482.87/month
18:36:47 [trajectory_tda.data.income_band] INFO:   2009: Ł2216.34/month
18:36:47 [trajectory_tda.data.income_band] INFO:   2010: Ł2427.43/month
18:36:47 [trajectory_tda.data.income_band] INFO:   2011: Ł2545.11/month
18:36:47 [trajectory_tda.data.income_band] INFO:   2012: Ł2627.67/month
18:36:47 [trajectory_tda.data.income_band] INFO:   2013: Ł2725.17/month
18:36:47 [trajectory_tda.data.income_band] INFO:   2014: Ł2867.61/month
18:36:47 [trajectory_tda.data.income_band] INFO:   2015: Ł2896.31/month
18:36:47 [trajectory_tda.data.income_band] INFO:   2016: Ł2941.96/month
18:36:47 [trajectory_tda.data.income_band] INFO:   2017: Ł3034.02/month
18:36:47 [trajectory_tda.data.income_band] INFO:   2018: Ł3096.64/month
18:36:47 [trajectory_tda.data.income_band] INFO:   2019: Ł3205.95/month
18:36:47 [trajectory_tda.data.income_band] INFO:   2020: Ł3309.23/month
18:36:47 [trajectory_tda.data.income_band] INFO:   2021: Ł3352.01/month
18:36:47 [trajectory_tda.data.income_band] INFO:   2022: Ł3532.90/month
18:37:52 [trajectory_tda.data.income_band] INFO: Final: 762932 person-year records, 114959 unique persons
18:37:52 [trajectory_tda.data.income_band] INFO:   L: 22.6%
18:37:52 [trajectory_tda.data.income_band] INFO:   M: 27.4%
18:37:52 [trajectory_tda.data.income_band] INFO:   H: 50.0%
18:37:55 [trajectory_tda.data.trajectory_builder] INFO: Merged employment + income: 760749 person-year obs, 114807 unique persons
18:38:53 [trajectory_tda.data.trajectory_builder] INFO: Built 32763 trajectories (dropped: 76565 too short, 5479 broken gaps)
18:38:53 [trajectory_tda.data.trajectory_builder] INFO: Trajectory lengths: mean=15.4, min=10, max=32
18:38:53 [trajectory_tda.data.trajectory_builder] INFO: Total imputed person-years: 30197 (6.0%)
18:38:54 [trajectory_tda.data.trajectory_builder] INFO: State distribution:
18:38:54 [trajectory_tda.data.trajectory_builder] INFO:   EL: 6.2%
18:38:54 [trajectory_tda.data.trajectory_builder] INFO:   EM: 13.6%
18:38:54 [trajectory_tda.data.trajectory_builder] INFO:   EH: 37.9%
18:38:54 [trajectory_tda.data.trajectory_builder] INFO:   UL: 1.7%
18:38:54 [trajectory_tda.data.trajectory_builder] INFO:   UM: 0.9%
18:38:54 [trajectory_tda.data.trajectory_builder] INFO:   UH: 0.8%
18:38:54 [trajectory_tda.data.trajectory_builder] INFO:   IL: 14.0%
18:38:54 [trajectory_tda.data.trajectory_builder] INFO:   IM: 12.8%
18:38:54 [trajectory_tda.data.trajectory_builder] INFO:   IH: 11.9%
18:38:54 [trajectory_tda.data.trajectory_builder] INFO: Survey era distribution:
18:38:54 [trajectory_tda.data.trajectory_builder] INFO:   usoc_only: 21551
18:38:54 [trajectory_tda.data.trajectory_builder] INFO:   spanning: 8459
18:38:54 [trajectory_tda.data.trajectory_builder] INFO:   bhps_only: 2753
18:38:54 [__main__] INFO: Built 32763 trajectories
18:38:54 [__main__] WARNING: Trajectory count (32763) != embedding count (27280). Results may not align. Proceeding anyway.
18:39:04 [poverty_tda.topology.morse_smale] DEBUG: TTK not available in current environment. TTK operations will run via subprocess in conda environment.
18:39:10 [__main__] INFO: Raw persistence diagrams already exist, skipping
18:39:10 [__main__] INFO: Running order_shuffle at n=500
18:39:10 [trajectory_tda.topology.permutation_nulls] INFO: Permutation test: order_shuffle, 500 perms, H0-H1, statistic=total_persistence
18:40:39 [poverty_tda.topology.multidim_ph] INFO: Computing Rips PH (ripser): 5000 points, 20 dims, max_dim=1
18:40:39 [poverty_tda.topology.multidim_ph] INFO:   Auto thresh = 16.996 (75th percentile)
18:43:07 [poverty_tda.topology.multidim_ph] INFO:   Completed in 147.8s
18:43:07 [poverty_tda.topology.multidim_ph] INFO:   H0: 4999 finite + 1 infinite, top lifetimes: [15.809, 15.496, 14.902, 14.403, 14.161]
18:43:07 [poverty_tda.topology.multidim_ph] INFO:   H1: 5961 finite + 1 infinite, top lifetimes: [3.213, 2.322, 2.286, 2.223, 2.214]
18:43:07 [trajectory_tda.topology.permutation_nulls] INFO:   Observed total_persistence: {'H0': 20411.12756752968, 'H1': 2224.6842234134674}
