INFO:financial_tda.validation.gidea_katz_replication:Fetching historical data (2022-01-01 to 2025-12-31)...
INFO:financial_tda.validation.gidea_katz_replication:Fetching sp500...
INFO:financial_tda.data.fetchers.yahoo:Fetching index sp500 (symbol: ^GSPC)
INFO:yfinance:^GSPC: 1d: price-reconstruct: Too old (1 rows tagged)
INFO:financial_tda.validation.gidea_katz_replication:Fetching dji...
INFO:financial_tda.data.fetchers.yahoo:Fetching index dji (symbol: ^DJI)
INFO:financial_tda.validation.gidea_katz_replication:Fetching nasdaq...
INFO:financial_tda.data.fetchers.yahoo:Fetching index nasdaq (symbol: ^IXIC)
INFO:financial_tda.validation.gidea_katz_replication:Fetching russell2000 (^RUT)...

================================================================================
REAL-TIME CRISIS DETECTION ANALYSIS: 2023-2025
================================================================================

Methodology: Gidea & Katz (2018) TDA-based Crisis Detection
Objective: Detect potential pre-crisis warning signals in recent market data

================================================================================

================================================================================
STEP 1: Data Acquisition & L^p Norm Computation
================================================================================

Fetching market data from 2022-01-01 to present...
Traceback (most recent call last):
  File "C:\Projects\TDL\financial_tda\validation\realtime_detection_2023_2025.py", line 1226, in <module>
    results = main()
              ^^^^^^
  File "C:\Projects\TDL\financial_tda\validation\realtime_detection_2023_2025.py", line 1141, in main
    norms_df = step1_fetch_and_compute_norms()
               ^^^^^^^^^^^^^^^^^^^^^^^^^^^^^^^
  File "C:\Projects\TDL\financial_tda\validation\realtime_detection_2023_2025.py", line 98, in step1_fetch_and_compute_norms
    print(f"\u2713 Fetched {len(prices)} days of data for {len(prices.columns)} indices")
  File "C:\Users\steph\AppData\Roaming\uv\python\cpython-3.11.11-windows-x86_64-none\Lib\encodings\cp1252.py", line 19, in encode
    return codecs.charmap_encode(input,self.errors,encoding_table)[0]
           ^^^^^^^^^^^^^^^^^^^^^^^^^^^^^^^^^^^^^^^^^^^^^^^^^^^^^^^
UnicodeEncodeError: 'charmap' codec can't encode character '\u2713' in position 0: character maps to <undefined>
