This is pdfTeX, Version 3.141592653-2.6-1.40.27 (TeX Live 2025) (preloaded format=pdflatex 2025.3.19)  26 MAR 2026 01:44
entering extended mode
 restricted \write18 enabled.
 %&-line parsing enabled.
**main.tex
(./main.tex
LaTeX2e <2024-11-01> patch level 2
L3 programming layer <2025-01-18>
(c:/texlive/2025/texmf-dist/tex/latex/base/article.cls
Document Class: article 2024/06/29 v1.4n Standard LaTeX document class
(c:/texlive/2025/texmf-dist/tex/latex/base/size12.clo
File: size12.clo 2024/06/29 v1.4n Standard LaTeX file (size option)
)
\c@part=\count196
\c@section=\count197
\c@subsection=\count198
\c@subsubsection=\count199
\c@paragraph=\count266
\c@subparagraph=\count267
\c@figure=\count268
\c@table=\count269
\abovecaptionskip=\skip49
\belowcaptionskip=\skip50
\bibindent=\dimen141
)
(c:/texlive/2025/texmf-dist/tex/latex/base/inputenc.sty
Package: inputenc 2024/02/08 v1.3d Input encoding file
\inpenc@prehook=\toks17
\inpenc@posthook=\toks18
)
(c:/texlive/2025/texmf-dist/tex/latex/base/fontenc.sty
Package: fontenc 2021/04/29 v2.0v Standard LaTeX package
)
(c:/texlive/2025/texmf-dist/tex/latex/psnfss/mathpazo.sty
Package: mathpazo 2020/03/25 PSNFSS-v9.3 Palatino w/ Pazo Math (D.Puga, WaS) 
\symupright=\mathgroup4
)
(c:/texlive/2025/texmf-dist/tex/latex/inconsolata/inconsolata.sty
Package: inconsolata 2019/05/17 v1.12

`inconsolata-zi4' v1.12, 2019/05/17 Text macros for Inconsolata (msharpe)
(c:/texlive/2025/texmf-dist/tex/latex/base/textcomp.sty
Package: textcomp 2024/04/24 v2.1b Standard LaTeX package
)
(c:/texlive/2025/texmf-dist/tex/latex/xkeyval/xkeyval.sty
Package: xkeyval 2022/06/16 v2.9 package option processing (HA)

(c:/texlive/2025/texmf-dist/tex/generic/xkeyval/xkeyval.tex
(c:/texlive/2025/texmf-dist/tex/generic/xkeyval/xkvutils.tex
\XKV@toks=\toks19
\XKV@tempa@toks=\toks20

(c:/texlive/2025/texmf-dist/tex/generic/xkeyval/keyval.tex))
\XKV@depth=\count270
File: xkeyval.tex 2014/12/03 v2.7a key=value parser (HA)
))
\zifour@ocount=\count271
)
(c:/texlive/2025/texmf-dist/tex/latex/geometry/geometry.sty
Package: geometry 2020/01/02 v5.9 Page Geometry

(c:/texlive/2025/texmf-dist/tex/generic/iftex/ifvtex.sty
Package: ifvtex 2019/10/25 v1.7 ifvtex legacy package. Use iftex instead.

(c:/texlive/2025/texmf-dist/tex/generic/iftex/iftex.sty
Package: iftex 2024/12/12 v1.0g TeX engine tests
))
\Gm@cnth=\count272
\Gm@cntv=\count273
\c@Gm@tempcnt=\count274
\Gm@bindingoffset=\dimen142
\Gm@wd@mp=\dimen143
\Gm@odd@mp=\dimen144
\Gm@even@mp=\dimen145
\Gm@layoutwidth=\dimen146
\Gm@layoutheight=\dimen147
\Gm@layouthoffset=\dimen148
\Gm@layoutvoffset=\dimen149
\Gm@dimlist=\toks21
)
(c:/texlive/2025/texmf-dist/tex/latex/setspace/setspace.sty
Package: setspace 2022/12/04 v6.7b set line spacing
)
(c:/texlive/2025/texmf-dist/tex/latex/amsmath/amsmath.sty
Package: amsmath 2024/11/05 v2.17t AMS math features
\@mathmargin=\skip51

For additional information on amsmath, use the `?' option.
(c:/texlive/2025/texmf-dist/tex/latex/amsmath/amstext.sty
Package: amstext 2021/08/26 v2.01 AMS text

(c:/texlive/2025/texmf-dist/tex/latex/amsmath/amsgen.sty
File: amsgen.sty 1999/11/30 v2.0 generic functions
\@emptytoks=\toks22
\ex@=\dimen150
))
(c:/texlive/2025/texmf-dist/tex/latex/amsmath/amsbsy.sty
Package: amsbsy 1999/11/29 v1.2d Bold Symbols
\pmbraise@=\dimen151
)
(c:/texlive/2025/texmf-dist/tex/latex/amsmath/amsopn.sty
Package: amsopn 2022/04/08 v2.04 operator names
)
\inf@bad=\count275
LaTeX Info: Redefining \frac on input line 233.
\uproot@=\count276
\leftroot@=\count277
LaTeX Info: Redefining \overline on input line 398.
LaTeX Info: Redefining \colon on input line 409.
\classnum@=\count278
\DOTSCASE@=\count279
LaTeX Info: Redefining \ldots on input line 495.
LaTeX Info: Redefining \dots on input line 498.
LaTeX Info: Redefining \cdots on input line 619.
\Mathstrutbox@=\box52
\strutbox@=\box53
LaTeX Info: Redefining \big on input line 721.
LaTeX Info: Redefining \Big on input line 722.
LaTeX Info: Redefining \bigg on input line 723.
LaTeX Info: Redefining \Bigg on input line 724.
\big@size=\dimen152
LaTeX Font Info:    Redeclaring font encoding OML on input line 742.
LaTeX Font Info:    Redeclaring font encoding OMS on input line 743.
\macc@depth=\count280
LaTeX Info: Redefining \bmod on input line 904.
LaTeX Info: Redefining \pmod on input line 909.
LaTeX Info: Redefining \smash on input line 939.
LaTeX Info: Redefining \relbar on input line 969.
LaTeX Info: Redefining \Relbar on input line 970.
\c@MaxMatrixCols=\count281
\dotsspace@=\muskip17
\c@parentequation=\count282
\dspbrk@lvl=\count283
\tag@help=\toks23
\row@=\count284
\column@=\count285
\maxfields@=\count286
\andhelp@=\toks24
\eqnshift@=\dimen153
\alignsep@=\dimen154
\tagshift@=\dimen155
\tagwidth@=\dimen156
\totwidth@=\dimen157
\lineht@=\dimen158
\@envbody=\toks25
\multlinegap=\skip52
\multlinetaggap=\skip53
\mathdisplay@stack=\toks26
LaTeX Info: Redefining \[ on input line 2953.
LaTeX Info: Redefining \] on input line 2954.
)
(c:/texlive/2025/texmf-dist/tex/latex/amsfonts/amssymb.sty
Package: amssymb 2013/01/14 v3.01 AMS font symbols

(c:/texlive/2025/texmf-dist/tex/latex/amsfonts/amsfonts.sty
Package: amsfonts 2013/01/14 v3.01 Basic AMSFonts support
\symAMSa=\mathgroup5
\symAMSb=\mathgroup6
LaTeX Font Info:    Redeclaring math symbol \hbar on input line 98.
LaTeX Font Info:    Overwriting math alphabet `\mathfrak' in version `bold'
(Font)                  U/euf/m/n --> U/euf/b/n on input line 106.
))
(c:/texlive/2025/texmf-dist/tex/latex/amscls/amsthm.sty
Package: amsthm 2020/05/29 v2.20.6
\thm@style=\toks27
\thm@bodyfont=\toks28
\thm@headfont=\toks29
\thm@notefont=\toks30
\thm@headpunct=\toks31
\thm@preskip=\skip54
\thm@postskip=\skip55
\thm@headsep=\skip56
\dth@everypar=\toks32
)
(c:/texlive/2025/texmf-dist/tex/latex/booktabs/booktabs.sty
Package: booktabs 2020/01/12 v1.61803398 Publication quality tables
\heavyrulewidth=\dimen159
\lightrulewidth=\dimen160
\cmidrulewidth=\dimen161
\belowrulesep=\dimen162
\belowbottomsep=\dimen163
\aboverulesep=\dimen164
\abovetopsep=\dimen165
\cmidrulesep=\dimen166
\cmidrulekern=\dimen167
\defaultaddspace=\dimen168
\@cmidla=\count287
\@cmidlb=\count288
\@aboverulesep=\dimen169
\@belowrulesep=\dimen170
\@thisruleclass=\count289
\@lastruleclass=\count290
\@thisrulewidth=\dimen171
)
(c:/texlive/2025/texmf-dist/tex/latex/tools/array.sty
Package: array 2024/10/17 v2.6g Tabular extension package (FMi)
\col@sep=\dimen172
\ar@mcellbox=\box54
\extrarowheight=\dimen173
\NC@list=\toks33
\extratabsurround=\skip57
\backup@length=\skip58
\ar@cellbox=\box55
)
(c:/texlive/2025/texmf-dist/tex/latex/multirow/multirow.sty
Package: multirow 2024/11/12 v2.9 Span multiple rows of a table
\multirow@colwidth=\skip59
\multirow@cntb=\count291
\multirow@dima=\skip60
\bigstrutjot=\dimen174
)
(c:/texlive/2025/texmf-dist/tex/latex/tools/longtable.sty
Package: longtable 2024-10-27 v4.22 Multi-page Table package (DPC)
\LTleft=\skip61
\LTright=\skip62
\LTpre=\skip63
\LTpost=\skip64
\LTchunksize=\count292
\LTcapwidth=\dimen175
\LT@head=\box56
\LT@firsthead=\box57
\LT@foot=\box58
\LT@lastfoot=\box59
\LT@gbox=\box60
\LT@cols=\count293
\LT@rows=\count294
\c@LT@tables=\count295
\c@LT@chunks=\count296
\LT@p@ftn=\toks34
)
(c:/texlive/2025/texmf-dist/tex/latex/graphics/graphicx.sty
Package: graphicx 2021/09/16 v1.2d Enhanced LaTeX Graphics (DPC,SPQR)

(c:/texlive/2025/texmf-dist/tex/latex/graphics/graphics.sty
Package: graphics 2024/08/06 v1.4g Standard LaTeX Graphics (DPC,SPQR)

(c:/texlive/2025/texmf-dist/tex/latex/graphics/trig.sty
Package: trig 2023/12/02 v1.11 sin cos tan (DPC)
)
(c:/texlive/2025/texmf-dist/tex/latex/graphics-cfg/graphics.cfg
File: graphics.cfg 2016/06/04 v1.11 sample graphics configuration
)
Package graphics Info: Driver file: pdftex.def on input line 106.

(c:/texlive/2025/texmf-dist/tex/latex/graphics-def/pdftex.def
File: pdftex.def 2024/04/13 v1.2c Graphics/color driver for pdftex
))
\Gin@req@height=\dimen176
\Gin@req@width=\dimen177
)
(c:/texlive/2025/texmf-dist/tex/latex/caption/caption.sty
Package: caption 2023/08/05 v3.6o Customizing captions (AR)

(c:/texlive/2025/texmf-dist/tex/latex/caption/caption3.sty
Package: caption3 2023/07/31 v2.4d caption3 kernel (AR)
\caption@tempdima=\dimen178
\captionmargin=\dimen179
\caption@leftmargin=\dimen180
\caption@rightmargin=\dimen181
\caption@width=\dimen182
\caption@indent=\dimen183
\caption@parindent=\dimen184
\caption@hangindent=\dimen185
Package caption Info: Standard document class detected.
)
\c@caption@flags=\count297
\c@continuedfloat=\count298
Package caption Info: longtable package is loaded.

(c:/texlive/2025/texmf-dist/tex/latex/caption/ltcaption.sty
Package: ltcaption 2021/01/08 v1.4c longtable captions (AR)
))
(c:/texlive/2025/texmf-dist/tex/latex/caption/subcaption.sty
Package: subcaption 2023/07/28 v1.6b Sub-captions (AR)
Package caption Info: New subtype `subfigure' on input line 238.
\c@subfigure=\count299
Package caption Info: New subtype `subtable' on input line 238.
\c@subtable=\count300
)
(c:/texlive/2025/texmf-dist/tex/latex/hyperref/hyperref.sty
Package: hyperref 2024-11-05 v7.01l Hypertext links for LaTeX

(c:/texlive/2025/texmf-dist/tex/latex/kvsetkeys/kvsetkeys.sty
Package: kvsetkeys 2022-10-05 v1.19 Key value parser (HO)
)
(c:/texlive/2025/texmf-dist/tex/generic/kvdefinekeys/kvdefinekeys.sty
Package: kvdefinekeys 2019-12-19 v1.6 Define keys (HO)
)
(c:/texlive/2025/texmf-dist/tex/generic/pdfescape/pdfescape.sty
Package: pdfescape 2019/12/09 v1.15 Implements pdfTeX's escape features (HO)

(c:/texlive/2025/texmf-dist/tex/generic/ltxcmds/ltxcmds.sty
Package: ltxcmds 2023-12-04 v1.26 LaTeX kernel commands for general use (HO)
)
(c:/texlive/2025/texmf-dist/tex/generic/pdftexcmds/pdftexcmds.sty
Package: pdftexcmds 2020-06-27 v0.33 Utility functions of pdfTeX for LuaTeX (HO
)

(c:/texlive/2025/texmf-dist/tex/generic/infwarerr/infwarerr.sty
Package: infwarerr 2019/12/03 v1.5 Providing info/warning/error messages (HO)
)
Package pdftexcmds Info: \pdf@primitive is available.
Package pdftexcmds Info: \pdf@ifprimitive is available.
Package pdftexcmds Info: \pdfdraftmode found.
))
(c:/texlive/2025/texmf-dist/tex/latex/hycolor/hycolor.sty
Package: hycolor 2020-01-27 v1.10 Color options for hyperref/bookmark (HO)
)
(c:/texlive/2025/texmf-dist/tex/latex/hyperref/nameref.sty
Package: nameref 2023-11-26 v2.56 Cross-referencing by name of section

(c:/texlive/2025/texmf-dist/tex/latex/refcount/refcount.sty
Package: refcount 2019/12/15 v3.6 Data extraction from label references (HO)
)
(c:/texlive/2025/texmf-dist/tex/generic/gettitlestring/gettitlestring.sty
Package: gettitlestring 2019/12/15 v1.6 Cleanup title references (HO)

(c:/texlive/2025/texmf-dist/tex/latex/kvoptions/kvoptions.sty
Package: kvoptions 2022-06-15 v3.15 Key value format for package options (HO)
))
\c@section@level=\count301
)
(c:/texlive/2025/texmf-dist/tex/latex/etoolbox/etoolbox.sty
Package: etoolbox 2025/02/11 v2.5l e-TeX tools for LaTeX (JAW)
\etb@tempcnta=\count302
)
(c:/texlive/2025/texmf-dist/tex/generic/stringenc/stringenc.sty
Package: stringenc 2019/11/29 v1.12 Convert strings between diff. encodings (HO
)
)
\@linkdim=\dimen186
\Hy@linkcounter=\count303
\Hy@pagecounter=\count304

(c:/texlive/2025/texmf-dist/tex/latex/hyperref/pd1enc.def
File: pd1enc.def 2024-11-05 v7.01l Hyperref: PDFDocEncoding definition (HO)
Now handling font encoding PD1 ...
... no UTF-8 mapping file for font encoding PD1
)
(c:/texlive/2025/texmf-dist/tex/generic/intcalc/intcalc.sty
Package: intcalc 2019/12/15 v1.3 Expandable calculations with integers (HO)
)
\Hy@SavedSpaceFactor=\count305

(c:/texlive/2025/texmf-dist/tex/latex/hyperref/puenc.def
File: puenc.def 2024-11-05 v7.01l Hyperref: PDF Unicode definition (HO)
Now handling font encoding PU ...
... no UTF-8 mapping file for font encoding PU
)
Package hyperref Info: Option `colorlinks' set `true' on input line 4040.
Package hyperref Info: Hyper figures OFF on input line 4157.
Package hyperref Info: Link nesting OFF on input line 4162.
Package hyperref Info: Hyper index ON on input line 4165.
Package hyperref Info: Plain pages OFF on input line 4172.
Package hyperref Info: Backreferencing OFF on input line 4177.
Package hyperref Info: Implicit mode ON; LaTeX internals redefined.
Package hyperref Info: Bookmarks ON on input line 4424.
\c@Hy@tempcnt=\count306

(c:/texlive/2025/texmf-dist/tex/latex/url/url.sty
\Urlmuskip=\muskip18
Package: url 2013/09/16  ver 3.4  Verb mode for urls, etc.
)
LaTeX Info: Redefining \url on input line 4763.
\XeTeXLinkMargin=\dimen187

(c:/texlive/2025/texmf-dist/tex/generic/bitset/bitset.sty
Package: bitset 2019/12/09 v1.3 Handle bit-vector datatype (HO)

(c:/texlive/2025/texmf-dist/tex/generic/bigintcalc/bigintcalc.sty
Package: bigintcalc 2019/12/15 v1.5 Expandable calculations on big integers (HO
)
))
\Fld@menulength=\count307
\Field@Width=\dimen188
\Fld@charsize=\dimen189
Package hyperref Info: Hyper figures OFF on input line 6042.
Package hyperref Info: Link nesting OFF on input line 6047.
Package hyperref Info: Hyper index ON on input line 6050.
Package hyperref Info: backreferencing OFF on input line 6057.
Package hyperref Info: Link coloring ON on input line 6060.
Package hyperref Info: Link coloring with OCG OFF on input line 6067.
Package hyperref Info: PDF/A mode OFF on input line 6072.

(c:/texlive/2025/texmf-dist/tex/latex/base/atbegshi-ltx.sty
Package: atbegshi-ltx 2021/01/10 v1.0c Emulation of the original atbegshi
package with kernel methods
)
\Hy@abspage=\count308
\c@Item=\count309
\c@Hfootnote=\count310
)
Package hyperref Info: Driver (autodetected): hpdftex.

(c:/texlive/2025/texmf-dist/tex/latex/hyperref/hpdftex.def
File: hpdftex.def 2024-11-05 v7.01l Hyperref driver for pdfTeX

(c:/texlive/2025/texmf-dist/tex/latex/base/atveryend-ltx.sty
Package: atveryend-ltx 2020/08/19 v1.0a Emulation of the original atveryend pac
kage
with kernel methods
)
\Fld@listcount=\count311
\c@bookmark@seq@number=\count312

(c:/texlive/2025/texmf-dist/tex/latex/rerunfilecheck/rerunfilecheck.sty
Package: rerunfilecheck 2022-07-10 v1.10 Rerun checks for auxiliary files (HO)

(c:/texlive/2025/texmf-dist/tex/generic/uniquecounter/uniquecounter.sty
Package: uniquecounter 2019/12/15 v1.4 Provide unlimited unique counter (HO)
)
Package uniquecounter Info: New unique counter `rerunfilecheck' on input line 2
85.
)
\Hy@SectionHShift=\skip65
)
(c:/texlive/2025/texmf-dist/tex/latex/natbib/natbib.sty
Package: natbib 2010/09/13 8.31b (PWD, AO)
\bibhang=\skip66
\bibsep=\skip67
LaTeX Info: Redefining \cite on input line 694.
\c@NAT@ctr=\count313
)
(c:/texlive/2025/texmf-dist/tex/latex/xcolor/xcolor.sty
Package: xcolor 2024/09/29 v3.02 LaTeX color extensions (UK)

(c:/texlive/2025/texmf-dist/tex/latex/graphics-cfg/color.cfg
File: color.cfg 2016/01/02 v1.6 sample color configuration
)
Package xcolor Info: Driver file: pdftex.def on input line 274.

(c:/texlive/2025/texmf-dist/tex/latex/graphics/mathcolor.ltx)
Package xcolor Info: Model `cmy' substituted by `cmy0' on input line 1349.
Package xcolor Info: Model `hsb' substituted by `rgb' on input line 1353.
Package xcolor Info: Model `RGB' extended on input line 1365.
Package xcolor Info: Model `HTML' substituted by `rgb' on input line 1367.
Package xcolor Info: Model `Hsb' substituted by `hsb' on input line 1368.
Package xcolor Info: Model `tHsb' substituted by `hsb' on input line 1369.
Package xcolor Info: Model `HSB' substituted by `hsb' on input line 1370.
Package xcolor Info: Model `Gray' substituted by `gray' on input line 1371.
Package xcolor Info: Model `wave' substituted by `hsb' on input line 1372.
)
(c:/texlive/2025/texmf-dist/tex/latex/enumitem/enumitem.sty
Package: enumitem 2025/02/06 v3.11 Customized lists
\enitkv@toks@=\toks35
\labelindent=\skip68
\enit@outerparindent=\dimen190
\enit@toks=\toks36
\enit@inbox=\box61
\enit@count@id=\count314
\enitdp@description=\count315
)
LaTeX Font Info:    Trying to load font information for T1+ppl on input line 62
.

(c:/texlive/2025/texmf-dist/tex/latex/psnfss/t1ppl.fd
File: t1ppl.fd 2001/06/04 font definitions for T1/ppl.
)
(c:/texlive/2025/texmf-dist/tex/latex/l3backend/l3backend-pdftex.def
File: l3backend-pdftex.def 2024-05-08 L3 backend support: PDF output (pdfTeX)
\l__color_backend_stack_int=\count316
\l__pdf_internal_box=\box62
)
(./main.aux)
\openout1 = `main.aux'.

LaTeX Font Info:    Checking defaults for OML/cmm/m/it on input line 62.
LaTeX Font Info:    ... okay on input line 62.
LaTeX Font Info:    Checking defaults for OMS/cmsy/m/n on input line 62.
LaTeX Font Info:    ... okay on input line 62.
LaTeX Font Info:    Checking defaults for OT1/cmr/m/n on input line 62.
LaTeX Font Info:    ... okay on input line 62.
LaTeX Font Info:    Checking defaults for T1/cmr/m/n on input line 62.
LaTeX Font Info:    ... okay on input line 62.
LaTeX Font Info:    Checking defaults for TS1/cmr/m/n on input line 62.
LaTeX Font Info:    ... okay on input line 62.
LaTeX Font Info:    Checking defaults for OMX/cmex/m/n on input line 62.
LaTeX Font Info:    ... okay on input line 62.
LaTeX Font Info:    Checking defaults for U/cmr/m/n on input line 62.
LaTeX Font Info:    ... okay on input line 62.
LaTeX Font Info:    Checking defaults for PD1/pdf/m/n on input line 62.
LaTeX Font Info:    ... okay on input line 62.
LaTeX Font Info:    Checking defaults for PU/pdf/m/n on input line 62.
LaTeX Font Info:    ... okay on input line 62.
 (c:/texlive/2025/texmf-dist/tex/latex/upquote/upquote.sty
Package: upquote 2012/04/19 v1.3 upright-quote and grave-accent glyphs in verba
tim
)
*geometry* driver: auto-detecting
*geometry* detected driver: pdftex
*geometry* verbose mode - [ preamble ] result:
* driver: pdftex
* paper: a4paper
* layout: <same size as paper>
* layoutoffset:(h,v)=(0.0pt,0.0pt)
* modes: 
* h-part:(L,W,R)=(72.26999pt, 452.9679pt, 72.26999pt)
* v-part:(T,H,B)=(72.26999pt, 700.50687pt, 72.26999pt)
* \paperwidth=597.50787pt
* \paperheight=845.04684pt
* \textwidth=452.9679pt
* \textheight=700.50687pt
* \oddsidemargin=0.0pt
* \evensidemargin=0.0pt
* \topmargin=-37.0pt
* \headheight=12.0pt
* \headsep=25.0pt
* \topskip=12.0pt
* \footskip=30.0pt
* \marginparwidth=35.0pt
* \marginparsep=10.0pt
* \columnsep=10.0pt
* \skip\footins=10.8pt plus 4.0pt minus 2.0pt
* \hoffset=0.0pt
* \voffset=0.0pt
* \mag=1000
* \@twocolumnfalse
* \@twosidefalse
* \@mparswitchfalse
* \@reversemarginfalse
* (1in=72.27pt=25.4mm, 1cm=28.453pt)

(c:/texlive/2025/texmf-dist/tex/context/base/mkii/supp-pdf.mkii
[Loading MPS to PDF converter (version 2006.09.02).]
\scratchcounter=\count317
\scratchdimen=\dimen191
\scratchbox=\box63
\nofMPsegments=\count318
\nofMParguments=\count319
\everyMPshowfont=\toks37
\MPscratchCnt=\count320
\MPscratchDim=\dimen192
\MPnumerator=\count321
\makeMPintoPDFobject=\count322
\everyMPtoPDFconversion=\toks38
) (c:/texlive/2025/texmf-dist/tex/latex/epstopdf-pkg/epstopdf-base.sty
Package: epstopdf-base 2020-01-24 v2.11 Base part for package epstopdf
Package epstopdf-base Info: Redefining graphics rule for `.eps' on input line 4
85.

(c:/texlive/2025/texmf-dist/tex/latex/latexconfig/epstopdf-sys.cfg
File: epstopdf-sys.cfg 2010/07/13 v1.3 Configuration of (r)epstopdf for TeX Liv
e
))
Package caption Info: Begin \AtBeginDocument code.
Package caption Info: hyperref package is loaded.
Package caption Info: End \AtBeginDocument code.
Package hyperref Info: Link coloring ON on input line 62.

(./main.out) (./main.out)
\@outlinefile=\write3
\openout3 = `main.out'.

LaTeX Font Info:    Trying to load font information for OT1+ppl on input line 6
4.

(c:/texlive/2025/texmf-dist/tex/latex/psnfss/ot1ppl.fd
File: ot1ppl.fd 2001/06/04 font definitions for OT1/ppl.
)
LaTeX Font Info:    Trying to load font information for OML+zplm on input line 
64.

(c:/texlive/2025/texmf-dist/tex/latex/psnfss/omlzplm.fd
File: omlzplm.fd 2002/09/08 Fontinst v1.914 font definitions for OML/zplm.
)
LaTeX Font Info:    Trying to load font information for OMS+zplm on input line 
64.

(c:/texlive/2025/texmf-dist/tex/latex/psnfss/omszplm.fd
File: omszplm.fd 2002/09/08 Fontinst v1.914 font definitions for OMS/zplm.
)
LaTeX Font Info:    Trying to load font information for OMX+zplm on input line 
64.

(c:/texlive/2025/texmf-dist/tex/latex/psnfss/omxzplm.fd
File: omxzplm.fd 2002/09/08 Fontinst v1.914 font definitions for OMX/zplm.
)
LaTeX Font Info:    Trying to load font information for OT1+zplm on input line 
64.

(c:/texlive/2025/texmf-dist/tex/latex/psnfss/ot1zplm.fd
File: ot1zplm.fd 2002/09/08 Fontinst v1.914 font definitions for OT1/zplm.
)
LaTeX Font Info:    Font shape `U/msa/m/n' will be
(Font)              scaled to size 15.0049pt on input line 64.
LaTeX Font Info:    Font shape `U/msa/m/n' will be
(Font)              scaled to size 10.42007pt on input line 64.
LaTeX Font Info:    Font shape `U/msa/m/n' will be
(Font)              scaled to size 8.33606pt on input line 64.
LaTeX Font Info:    Font shape `U/msb/m/n' will be
(Font)              scaled to size 15.0049pt on input line 64.
LaTeX Font Info:    Font shape `U/msb/m/n' will be
(Font)              scaled to size 10.42007pt on input line 64.
LaTeX Font Info:    Font shape `U/msb/m/n' will be
(Font)              scaled to size 8.33606pt on input line 64.
LaTeX Font Info:    Font shape `U/msa/m/n' will be
(Font)              scaled to size 11.40997pt on input line 68.
LaTeX Font Info:    Font shape `U/msa/m/n' will be
(Font)              scaled to size 6.25204pt on input line 68.
LaTeX Font Info:    Font shape `U/msb/m/n' will be
(Font)              scaled to size 11.40997pt on input line 68.
LaTeX Font Info:    Font shape `U/msb/m/n' will be
(Font)              scaled to size 6.25204pt on input line 68.

Overfull \hbox (10.58675pt too wide) in paragraph at lines 66--70
\T1/ppl/m/n/10.95 ics, yet con-ven-tional se-quence anal-y-sis meth-ods treat t
ra-jec-to-ries as char-ac-ter strings,
 []


Overfull \hbox (1.35616pt too wide) in paragraph at lines 66--70
\T1/ppl/m/n/10.95 dimensional PCA space via $\OML/zplm/m/it/10.95 n$\T1/ppl/m/n
/10.95 -gram fre-quency vec-tors and anal-ysed us-ing Vietoris--
 []



[1

{c:/texlive/2025/texmf-var/fonts/map/pdftex/updmap/pdftex.map}{c:/texlive/2025/
texmf-dist/fonts/enc/dvips/base/8r.enc}]

[2] (./main.toc
LaTeX Font Info:    Font shape `U/msa/m/n' will be
(Font)              scaled to size 12.50409pt on input line 2.
LaTeX Font Info:    Font shape `U/msa/m/n' will be
(Font)              scaled to size 9.37807pt on input line 2.
LaTeX Font Info:    Font shape `U/msa/m/n' will be
(Font)              scaled to size 7.29405pt on input line 2.
LaTeX Font Info:    Font shape `U/msb/m/n' will be
(Font)              scaled to size 12.50409pt on input line 2.
LaTeX Font Info:    Font shape `U/msb/m/n' will be
(Font)              scaled to size 9.37807pt on input line 2.
LaTeX Font Info:    Font shape `U/msb/m/n' will be
(Font)              scaled to size 7.29405pt on input line 2.


[3])
\tf@toc=\write4
\openout4 = `main.toc'.



[4] (./body.tex
LaTeX Font Info:    Trying to load font information for T1+zi4 on input line 7.

 (c:/texlive/2025/texmf-dist/tex/latex/inconsolata/t1zi4.fd
File: t1zi4.fd 2018/01/14 T1/zi4 (Inconsolata)
)
LaTeX Font Info:    Font shape `T1/zi4/m/n' will be
(Font)              scaled to size 12.0pt on input line 7.


[5{c:/texlive/2025/texmf-dist/fonts/enc/dvips/inconsolata/i4-t1-0.enc}]
Overfull \hbox (1.25108pt too wide) in paragraph at lines 13--14
\T1/ppl/m/n/12 sient. If low-income churn-ing cre-ates per-sis-tent cy-cles fro
m which exit is rare, marginal
 []



[6]

[7]

[8]
Overfull \hbox (6.43544pt too wide) in paragraph at lines 46--47
\T1/ppl/m/n/12 The re-sult-ing dis-tance mea-sures are fun-da-men-tally pair-wi
se --- they com-pare se-quences
 []



[9]
LaTeX Font Info:    Trying to load font information for U+fplmbb on input line 
50.
 (c:/texlive/2025/texmf-dist/tex/latex/psnfss/ufplmbb.fd
File: ufplmbb.fd 2003/10/30 Fontinst v1.914 font definitions for U/fplmbb.
)

[10]
Overfull \hbox (27.23685pt too wide) in paragraph at lines 58--59
[]\T1/ppl/m/n/12 For com-par-ing per-sis-tence di-a-grams across groups, the Wa
sser-stein dis-tance $\OML/zplm/m/it/12 W[]\OT1/zplm/m/n/12 (\OML/zplm/m/it/12 
D[]\OT1/ppl/m/n/12 , \OML/zplm/m/it/12 D[]\OT1/zplm/m/n/12 )$
 []


Overfull \hbox (0.69916pt too wide) in paragraph at lines 64--65
\T1/ppl/m/n/12 jec-to-ries us-ing Bel-gian panel data. [][]Jenk-ins[][] ([][]20
11[][]) doc-u-mented ex-ten-sive in-come churn-
 []



[11]

[12]

[13]

[14]
Overfull \hbox (110.31526pt too wide) in paragraph at lines 105--107
[]\T1/ppl/m/n/12 - \T1/ppl/b/n/12 Un-i-grams \T1/ppl/m/n/12 (9 di-men-sions): R
el-a-tive fre-quency of each state $\OML/zplm/m/it/12 s \OMS/zplm/m/n/12 2 f\OM
L/zplm/m/it/12 EL\OT1/ppl/m/n/12 , \OML/zplm/m/it/12 EM\OT1/ppl/m/n/12 , \OML/z
plm/m/it/12 EH\OT1/ppl/m/n/12 , \OML/zplm/m/it/12 UL\OT1/ppl/m/n/12 , \OML/zplm
/m/it/12 UM\OT1/ppl/m/n/12 , \OML/zplm/m/it/12 UH\OT1/ppl/m/n/12 , \OML/zplm/m/
it/12 IL\OT1/ppl/m/n/12 , \OML/zplm/m/it/12 IM\OT1/ppl/m/n/12 , \OML/zplm/m/it/
12 IH\OMS/zplm/m/n/12 g$
 []


Overfull \hbox (3.85141pt too wide) in paragraph at lines 108--109
[]\T1/ppl/m/n/12 The con-cate-nated 90-dimensional term-frequency (TF) vec-tor 
en-codes both the com-
 []



[15]

[16]

[17]

[18]

[19]
Overfull \hbox (0.14659pt too wide) in paragraph at lines 166--167
\T1/ppl/m/n/12 pute es-cape prob-a-bil-i-ties: the frac-tion of in-di-vid-u-als
 start-ing in dis-ad-van-taged regimes
 []


Overfull \hbox (4.91096pt too wide) in paragraph at lines 174--175
\T1/ppl/m/n/12 coarse di-vi-sion be-tween pre-dom-i-nantly in-ac-tive tra-jec-t
o-ries (40.2%) and pre-dom-i-nantly
 []


Overfull \hbox (0.23056pt too wide) in paragraph at lines 176--177
\T1/ppl/m/n/12 cure em-ploy-ment ver-sus in-ac-tiv-ity ver-sus churn-ing --- is
 re-cov-er-able by ei-ther method,
 []



[20]
<../figures/fig1_trajectory_heatmap.pdf, id=470, 493.52762pt x 282.80139pt>
File: ../figures/fig1_trajectory_heatmap.pdf Graphic file (type pdf)
<use ../figures/fig1_trajectory_heatmap.pdf>
Package pdftex.def Info: ../figures/fig1_trajectory_heatmap.pdf  used on input 
line 189.
(pdftex.def)             Requested size: 452.9679pt x 259.57198pt.


[21 <../figures/fig1_trajectory_heatmap.pdf>]
<../figures/fig3_persistence_diagrams.pdf, id=488, 520.29832pt x 269.58333pt>
File: ../figures/fig3_persistence_diagrams.pdf Graphic file (type pdf)
<use ../figures/fig3_persistence_diagrams.pdf>
Package pdftex.def Info: ../figures/fig3_persistence_diagrams.pdf  used on inpu
t line 206.
(pdftex.def)             Requested size: 452.9679pt x 234.70425pt.


[22 <../figures/fig3_persistence_diagrams.pdf>]
Overfull \hbox (148.9211pt too wide) in paragraph at lines 219--230
[][] 
 []



[23]
Overfull \hbox (34.20087pt too wide) in paragraph at lines 241--255
[][] 
 []



[24]
Overfull \hbox (5.36761pt too wide) in paragraph at lines 264--265
\T1/ppl/m/n/12 level dif-fer-ences be-tween ob-served and Markov-1 sur-ro-gates
 re-flect second-order mem-
 []



[25]
Overfull \hbox (6.87569pt too wide) in paragraph at lines 272--273
[]\T1/ppl/m/n/12 This find-ing has method-olog-i-cal im-pli-ca-tions be-yond ou
r spe-cific ap-pli-ca-tion. Scalar
 []

<../figures/fig4_betti_null_comparison.pdf, id=532, 533.23575pt x 287.69026pt>
File: ../figures/fig4_betti_null_comparison.pdf Graphic file (type pdf)
<use ../figures/fig4_betti_null_comparison.pdf>
Package pdftex.def Info: ../figures/fig4_betti_null_comparison.pdf  used on inp
ut line 280.
(pdftex.def)             Requested size: 452.9679pt x 244.38861pt.
<../figures/fig8_null_table.pdf, id=533, 517.53978pt x 282.88231pt>
File: ../figures/fig8_null_table.pdf Graphic file (type pdf)
<use ../figures/fig8_null_table.pdf>
Package pdftex.def Info: ../figures/fig8_null_table.pdf  used on input line 287
.
(pdftex.def)             Requested size: 452.9679pt x 247.59045pt.
<../figures/fig9_markov_memory_depth.pdf, id=534, 526.04048pt x 287.95412pt>
File: ../figures/fig9_markov_memory_depth.pdf Graphic file (type pdf)
<use ../figures/fig9_markov_memory_depth.pdf>
Package pdftex.def Info: ../figures/fig9_markov_memory_depth.pdf  used on input
 line 294.
(pdftex.def)             Requested size: 452.9679pt x 247.95647pt.


[26]

[27 <../figures/fig4_betti_null_comparison.pdf> <../figures/fig8_null_table.pdf
>]
<../figures/fig2_embedding_cloud.pdf, id=569, 525.76166pt x 326.90317pt>
File: ../figures/fig2_embedding_cloud.pdf Graphic file (type pdf)
<use ../figures/fig2_embedding_cloud.pdf>
Package pdftex.def Info: ../figures/fig2_embedding_cloud.pdf  used on input lin
e 305.
(pdftex.def)             Requested size: 452.9679pt x 281.645pt.


[28 <../figures/fig9_markov_memory_depth.pdf>]
Overfull \hbox (2.69006pt too wide) in paragraph at lines 316--317
[]\T1/ppl/b/n/12 Regime 4 --- Em-ployed Mid \T1/ppl/m/n/12 (\T1/ppl/m/it/12 n \
T1/ppl/m/n/12 = 3,510, 12.9%): Near-universal em-ploy-ment (98.5%)
 []



[29 <../figures/fig2_embedding_cloud.pdf>]

Package hyperref Warning: Token not allowed in a PDF string (Unicode):
(hyperref)                removing `math shift' on input line 326.


Package hyperref Warning: Token not allowed in a PDF string (Unicode):
(hyperref)                removing `subscript' on input line 326.


Package hyperref Warning: Token not allowed in a PDF string (Unicode):
(hyperref)                removing `math shift' on input line 326.


Overfull \hbox (13.34761pt too wide) in paragraph at lines 333--341
[][] 
 []

<../figures/fig5_regime_profiles.pdf, id=601, 505.23601pt x 283.01762pt>
File: ../figures/fig5_regime_profiles.pdf Graphic file (type pdf)
<use ../figures/fig5_regime_profiles.pdf>
Package pdftex.def Info: ../figures/fig5_regime_profiles.pdf  used on input lin
e 346.
(pdftex.def)             Requested size: 452.9679pt x 253.74615pt.
<../figures/fig6_stability_income.pdf, id=602, 524.5938pt x 326.90317pt>
File: ../figures/fig6_stability_income.pdf Graphic file (type pdf)
<use ../figures/fig6_stability_income.pdf>
Package pdftex.def Info: ../figures/fig6_stability_income.pdf  used on input li
ne 353.
(pdftex.def)             Requested size: 452.9679pt x 282.2835pt.


[30]

[31 <../figures/fig5_regime_profiles.pdf> <../figures/fig6_stability_income.pdf
>]
Overfull \hbox (16.9814pt too wide) in paragraph at lines 380--381
[]\T1/ppl/b/n/12 Non-overlapping win-dow val-i-da-tion. \T1/ppl/m/n/12 Non-over
lapping win-dows (win-dow_years=5,
 []



[32]
<../figures/fig12_transition_heatmap.pdf, id=638, 251.49377pt x 326.89244pt>
File: ../figures/fig12_transition_heatmap.pdf Graphic file (type pdf)
<use ../figures/fig12_transition_heatmap.pdf>
Package pdftex.def Info: ../figures/fig12_transition_heatmap.pdf  used on input
 line 420.
(pdftex.def)             Requested size: 452.9679pt x 588.82492pt.
<../figures/fig13_escape_probabilities.pdf, id=639, 299.82014pt x 326.90317pt>
File: ../figures/fig13_escape_probabilities.pdf Graphic file (type pdf)
<use ../figures/fig13_escape_probabilities.pdf>
Package pdftex.def Info: ../figures/fig13_escape_probabilities.pdf  used on inp
ut line 427.
(pdftex.def)             Requested size: 452.9679pt x 493.89511pt.


[33]

[34 <../figures/fig12_transition_heatmap.pdf>]

[35 <../figures/fig13_escape_probabilities.pdf>]
<../figures/fig7_cycle_analysis.pdf, id=674, 520.01828pt x 287.69026pt>
File: ../figures/fig7_cycle_analysis.pdf Graphic file (type pdf)
<use ../figures/fig7_cycle_analysis.pdf>
Package pdftex.def Info: ../figures/fig7_cycle_analysis.pdf  used on input line
 455.
(pdftex.def)             Requested size: 452.9679pt x 250.60017pt.
<../figures/fig14_phase_ph_nulls.pdf, id=675, 523.08694pt x 282.80139pt>
File: ../figures/fig14_phase_ph_nulls.pdf Graphic file (type pdf)
<use ../figures/fig14_phase_ph_nulls.pdf>
Package pdftex.def Info: ../figures/fig14_phase_ph_nulls.pdf  used on input lin
e 462.
(pdftex.def)             Requested size: 452.9679pt x 244.90031pt.


[36]

[37 <../figures/fig7_cycle_analysis.pdf> <../figures/fig14_phase_ph_nulls.pdf>]

Overfull \hbox (5.7623pt too wide) in paragraph at lines 475--476
\T1/ppl/m/n/12 me-di-ate topo-log-i-cal po-si-tion, aligns with the cu-mu-la-ti
ve ad-van-tage hy-poth-e-sis ([][]DiPrete
 []

<../figures/fig10_wasserstein_heatmap.pdf, id=714, 407.51196pt x 327.04486pt>
File: ../figures/fig10_wasserstein_heatmap.pdf Graphic file (type pdf)
<use ../figures/fig10_wasserstein_heatmap.pdf>
Package pdftex.def Info: ../figures/fig10_wasserstein_heatmap.pdf  used on inpu
t line 494.
(pdftex.def)             Requested size: 452.9679pt x 363.53311pt.
<../figures/fig11_landscape_comparison.pdf, id=715, 526.01094pt x 326.90317pt>
File: ../figures/fig11_landscape_comparison.pdf Graphic file (type pdf)
<use ../figures/fig11_landscape_comparison.pdf>
Package pdftex.def Info: ../figures/fig11_landscape_comparison.pdf  used on inp
ut line 501.
(pdftex.def)             Requested size: 452.9679pt x 281.51033pt.


[38]

[39 <../figures/fig10_wasserstein_heatmap.pdf>]
Overfull \hbox (15.13293pt too wide) in paragraph at lines 530--540
[][] 
 []



[40 <../figures/fig11_landscape_comparison.pdf>]

[41]
Overfull \hbox (14.36389pt too wide) in paragraph at lines 558--559
[]\T1/ppl/m/n/12 OM-based clus-ter-ing at matched \T1/ppl/m/it/12 k \T1/ppl/m/n
/12 = 7 yields ARI = 0.26: the Se-cure High-Employment
 []



[42]

[43]

Package hyperref Warning: Token not allowed in a PDF string (Unicode):
(hyperref)                removing `math shift' on input line 572.


Package hyperref Warning: Token not allowed in a PDF string (Unicode):
(hyperref)                removing `subscript' on input line 572.


Package hyperref Warning: Token not allowed in a PDF string (Unicode):
(hyperref)                removing `math shift' on input line 572.



[44]
Overfull \hbox (16.32794pt too wide) in paragraph at lines 603--604
[]$\OML/zplm/m/it/12 H[]$ \T1/ppl/m/n/12 is uni-formly sig-nif-i-cant across al
l six con-fig-u-ra-tions, con-firm-ing that the connected-
 []


Overfull \hbox (7.26291pt too wide) in paragraph at lines 605--606
\T1/ppl/m/n/12 dimensional VR com-plexes: the merge tree pro-duces one dom-i-na
nt com-po-nent (99.98%)
 []



[45]
Overfull \hbox (1.16463pt too wide) in paragraph at lines 611--612
[]\T1/ppl/b/n/12 Markov null lim-i-ta-tions. \T1/ppl/m/n/12 Our Markov nulls te
st against glob-ally es-ti-mated Markov
 []


Overfull \hbox (0.61247pt too wide) in paragraph at lines 617--618
[]\T1/ppl/b/n/12 Cross-survey har-mon-i-sa-tion. \T1/ppl/m/n/12 BHPS and USoc u
se dif-fer-ent sam-pling frames, ques-
 []


Overfull \hbox (1086.49069pt too wide) in paragraph at lines 623--646
[] 
 []



[46]
Overfull \hbox (10.47978pt too wide) in paragraph at lines 650--651
\T1/ppl/m/n/12 Persistent ho-mol-ogy on 27,280 USoc employment-income se-quence
s (PCA-20D, maxmin
 []


Overfull \hbox (9.45929pt too wide) in paragraph at lines 650--651
\T1/ppl/m/n/12 land-marks) finds seven mo-bil-ity regimes with order-dependent 
clus-ter-ing (order-shuffle
 []



[47]

[48]
Overfull \hbox (0.91429pt too wide) in paragraph at lines 660--661
\T1/ppl/m/n/12 regime struc-ture should dif-fer if it re-flects UK-specific lab
our mar-ket in-sti-tu-tions rather
 []



[49]
LaTeX Font Info:    Font shape `U/msa/m/n' will be
(Font)              scaled to size 18.00587pt on input line 707.
LaTeX Font Info:    Font shape `U/msb/m/n' will be
(Font)              scaled to size 18.00587pt on input line 707.


Package hyperref Warning: Token not allowed in a PDF string (Unicode):
(hyperref)                removing `math shift' on input line 707.


Package hyperref Warning: Token not allowed in a PDF string (Unicode):
(hyperref)                removing `subscript' on input line 707.


Package hyperref Warning: Token not allowed in a PDF string (Unicode):
(hyperref)                removing `math shift' on input line 707.


Overfull \hbox (179.49695pt too wide) in paragraph at lines 718--726
[][] 
 []



[50]
Overfull \hbox (172.22597pt too wide) in paragraph at lines 738--747
[][] 
 []

) (./main.bbl

[51]

[52]

[53]

[54])

[55] (./main.aux)
 ***********
LaTeX2e <2024-11-01> patch level 2
L3 programming layer <2025-01-18>
 ***********
Package rerunfilecheck Info: File `main.out' has not changed.
(rerunfilecheck)             Checksum: 36A06237C31DCBBAD6643248430F2B01;9818.
 ) 
Here is how much of TeX's memory you used:
 14582 strings out of 473190
 230916 string characters out of 5719979
 632755 words of memory out of 5000000
 37414 multiletter control sequences out of 15000+600000
 619520 words of font info for 178 fonts, out of 8000000 for 9000
 1141 hyphenation exceptions out of 8191
 75i,8n,117p,1618b,621s stack positions out of 10000i,1000n,20000p,200000b,200000s
<c:/texlive/2025/texmf-dist/fonts/type1/public/inconsolata/Inconsolata-zi4r.p
fb><c:/texlive/2025/texmf-dist/fonts/type1/public/amsfonts/cm/cmmi10.pfb><c:/te
xlive/2025/texmf-dist/fonts/type1/public/amsfonts/cm/cmr10.pfb><c:/texlive/2025
/texmf-dist/fonts/type1/public/amsfonts/cm/cmsy10.pfb><c:/texlive/2025/texmf-di
st/fonts/type1/public/mathpazo/fplmbb.pfb><c:/texlive/2025/texmf-dist/fonts/typ
e1/public/mathpazo/fplmr.pfb><c:/texlive/2025/texmf-dist/fonts/type1/public/mat
hpazo/fplmri.pfb><c:/texlive/2025/texmf-dist/fonts/type1/urw/palatino/uplb8a.pf
b><c:/texlive/2025/texmf-dist/fonts/type1/urw/palatino/uplr8a.pfb><c:/texlive/2
025/texmf-dist/fonts/type1/urw/palatino/uplri8a.pfb>
Output written on main.pdf (55 pages, 734067 bytes).
PDF statistics:
 905 PDF objects out of 1000 (max. 8388607)
 736 compressed objects within 8 object streams
 159 named destinations out of 1000 (max. 500000)
 431 words of extra memory for PDF output out of 10000 (max. 10000000)

